<?xml version="1.0" encoding="UTF-8"?>
<testsuite xmlns:xsi="http://www.w3.org/2001/XMLSchema-instance" xsi:noNamespaceSchemaLocation="https://maven.apache.org/surefire/maven-surefire-plugin/xsd/surefire-test-report.xsd" name="products.UserTest" time="0" tests="0" errors="0" skipped="0" failures="0">
  <properties>
    <property name="java.specification.version" value="17"/>
    <property name="sun.cpu.isalist" value="amd64"/>
    <property name="sun.jnu.encoding" value="Cp1250"/>
    <property name="java.class.path" value="D:\Java workspace\bookRent\target\test-classes;D:\Java workspace\bookRent\target\classes;C:\Users\gabri\.m2\repository\cc\duduhuo\util\digest-util\1.1.1\digest-util-1.1.1.jar;C:\Users\gabri\.m2\repository\org\jetbrains\kotlin\kotlin-stdlib-jdk8\1.3.30\kotlin-stdlib-jdk8-1.3.30.jar;C:\Users\gabri\.m2\repository\org\jetbrains\kotlin\kotlin-stdlib\1.3.30\kotlin-stdlib-1.3.30.jar;C:\Users\gabri\.m2\repository\org\jetbrains\kotlin\kotlin-stdlib-common\1.3.30\kotlin-stdlib-common-1.3.30.jar;C:\Users\gabri\.m2\repository\org\jetbrains\annotations\13.0\annotations-13.0.jar;C:\Users\gabri\.m2\repository\org\jetbrains\kotlin\kotlin-stdlib-jdk7\1.3.30\kotlin-stdlib-jdk7-1.3.30.jar;C:\Users\gabri\.m2\repository\com\mysql\mysql-connector-j\8.0.32\mysql-connector-j-8.0.32.jar;C:\Users\gabri\.m2\repository\com\google\protobuf\protobuf-java\3.21.9\protobuf-java-3.21.9.jar;C:\Users\gabri\.m2\repository\commons-codec\commons-codec\1.15\commons-codec-1.15.jar;"/>
    <property name="java.vm.vendor" value="Oracle Corporation"/>
    <property name="sun.arch.data.model" value="64"/>
    <property name="user.variant" value=""/>
    <property name="java.vendor.url" value="https://java.oracle.com/"/>
    <property name="user.timezone" value="Europe/Warsaw"/>
    <property name="os.name" value="Windows 10"/>
    <property name="java.vm.specification.version" value="17"/>
    <property name="sun.java.launcher" value="SUN_STANDARD"/>
    <property name="user.country" value="PL"/>
    <property name="sun.boot.library.path" value="D:\JetBrains\jdks\openjdk-17.0.2\bin"/>
    <property name="sun.java.command" value="C:\Users\gabri\AppData\Local\Temp\surefire3712939870336409063\surefirebooter15272555648189986826.jar C:\Users\gabri\AppData\Local\Temp\surefire3712939870336409063 2023-02-28T20-48-34_686-jvmRun1 surefire4393396684551694331tmp surefire_03566733005923267311tmp"/>
    <property name="jdk.debug" value="release"/>
    <property name="surefire.test.class.path" value="D:\Java workspace\bookRent\target\test-classes;D:\Java workspace\bookRent\target\classes;C:\Users\gabri\.m2\repository\cc\duduhuo\util\digest-util\1.1.1\digest-util-1.1.1.jar;C:\Users\gabri\.m2\repository\org\jetbrains\kotlin\kotlin-stdlib-jdk8\1.3.30\kotlin-stdlib-jdk8-1.3.30.jar;C:\Users\gabri\.m2\repository\org\jetbrains\kotlin\kotlin-stdlib\1.3.30\kotlin-stdlib-1.3.30.jar;C:\Users\gabri\.m2\repository\org\jetbrains\kotlin\kotlin-stdlib-common\1.3.30\kotlin-stdlib-common-1.3.30.jar;C:\Users\gabri\.m2\repository\org\jetbrains\annotations\13.0\annotations-13.0.jar;C:\Users\gabri\.m2\repository\org\jetbrains\kotlin\kotlin-stdlib-jdk7\1.3.30\kotlin-stdlib-jdk7-1.3.30.jar;C:\Users\gabri\.m2\repository\com\mysql\mysql-connector-j\8.0.32\mysql-connector-j-8.0.32.jar;C:\Users\gabri\.m2\repository\com\google\protobuf\protobuf-java\3.21.9\protobuf-java-3.21.9.jar;C:\Users\gabri\.m2\repository\commons-codec\commons-codec\1.15\commons-codec-1.15.jar;"/>
    <property name="sun.cpu.endian" value="little"/>
    <property name="user.home" value="C:\Users\gabri"/>
    <property name="user.language" value="pl"/>
    <property name="java.specification.vendor" value="Oracle Corporation"/>
    <property name="java.version.date" value="2022-01-18"/>
    <property name="java.home" value="D:\JetBrains\jdks\openjdk-17.0.2"/>
    <property name="file.separator" value="\"/>
    <property name="basedir" value="D:\Java workspace\bookRent"/>
    <property name="java.vm.compressedOopsMode" value="Zero based"/>
    <property name="line.separator" value="&#10;"/>
    <property name="java.vm.specification.vendor" value="Oracle Corporation"/>
    <property name="java.specification.name" value="Java Platform API Specification"/>
    <property name="surefire.real.class.path" value="C:\Users\gabri\AppData\Local\Temp\surefire3712939870336409063\surefirebooter15272555648189986826.jar"/>
    <property name="user.script" value=""/>
    <property name="sun.management.compiler" value="HotSpot 64-Bit Tiered Compilers"/>
    <property name="java.runtime.version" value="17.0.2+8-86"/>
    <property name="user.name" value="gabri"/>
    <property name="path.separator" value=";"/>
    <property name="os.version" value="10.0"/>
    <property name="java.runtime.name" value="OpenJDK Runtime Environment"/>
    <property name="file.encoding" value="Cp1250"/>
    <property name="java.vm.name" value="OpenJDK 64-Bit Server VM"/>
    <property name="localRepository" value="C:\Users\gabri\.m2\repository"/>
    <property name="java.vendor.url.bug" value="https://bugreport.java.com/bugreport/"/>
    <property name="java.io.tmpdir" value="C:\Users\gabri\AppData\Local\Temp\"/>
    <property name="idea.version" value="2021.3.2"/>
    <property name="java.version" value="17.0.2"/>
    <property name="user.dir" value="D:\Java workspace\bookRent"/>
    <property name="os.arch" value="amd64"/>
    <property name="java.vm.specification.name" value="Java Virtual Machine Specification"/>
    <property name="sun.os.patch.level" value=""/>
    <property name="native.encoding" value="Cp1250"/>
    <property name="java.library.path" value="D:\JetBrains\jdks\openjdk-17.0.2\bin;C:\WINDOWS\Sun\Java\bin;C:\WINDOWS\system32;C:\WINDOWS;C:\Python311\Scripts\;C:\Python311\;C:\Program Files\Microsoft\jdk-11.0.12.7-hotspot\bin;C:\WINDOWS\system32;C:\WINDOWS;C:\WINDOWS\System32\Wbem;C:\WINDOWS\System32\WindowsPowerShell\v1.0\;C:\WINDOWS\System32\OpenSSH\;C:\Program Files\NVIDIA Corporation\NVIDIA NvDLISR;C:\Program Files (x86)\NVIDIA Corporation\PhysX\Common;D:\PuTTY\;C:\Program Files (x86)\Microsoft SQL Server\150\DTS\Binn\;C:\Program Files\Azure Data Studio\bin;C:\Program Files\Git\cmd;D:\JetBrains\jdks\openjdk-17.0.2\bin;C:\HashiCorp\Vagrant\bin;C:\ProgramData\chocolatey\bin;C:\Program Files\nodejs\;C:\dosbox\MASM611\bin;C:\dosbox\vc;C:\dosbox\ASMEDIT;C:\Program Files\Wolfram Research\WolframScript\;C:\Users\gabri\AppData\Local\Microsoft\WindowsApps;D:\JetBrains\IntelliJ IDEA Community Edition 2021.3.2\bin;;C:\Program Files\Azure Data Studio\bin;C:\Users\gabri\AppData\Local\GitHubDesktop\bin;D:\Microsoft VS Code\bin;C:\Users\gabri\AppData\Roaming\npm;."/>
    <property name="java.vm.info" value="mixed mode, sharing"/>
    <property name="java.vendor" value="Oracle Corporation"/>
    <property name="java.vm.version" value="17.0.2+8-86"/>
    <property name="sun.io.unicode.encoding" value="UnicodeLittle"/>
    <property name="java.class.version" value="61.0"/>
  </properties>
</testsuite>